<?xml version="1.0" encoding="UTF-8"?>
<!-- Generated by org.testng.reporters.JUnitXMLReporter -->
<testsuite ignored="0" hostname="Mukeshs-MacBook-Air.local" failures="0" tests="12" name="Test" time="12.27" errors="0" timestamp="2024-09-05T14:34:24 IST">
  <testcase classname="tests.BookingAPIs" name="createBooking" time="4.869"/>
  <testcase classname="tests.BookingAPIUsinFramework" name="createBooking" time="1.203"/>
  <testcase classname="tests.BookingAPIUsinFrameworkUsingPOJO" name="createBooking" time="1.436"/>
  <testcase classname="tests.BookingAPIUsinFrameworkUsingPOJO2" name="createBooking" time="1.438"/>
  <testcase classname="tests.BookingAPIUsinFrameworkUsingPOJOBuilderNew" name="createBooking" time="1.634"/>
  <testcase classname="tests.BookingAPIUsinFrameworkUsingPOJOBuilder" name="createBooking" time="1.996"/>
  <testcase classname="tests.BookingAPIUsinFrameworkUsingPOJOBuilderNew3" name="createBooking" time="1.376"/>
  <testcase classname="tests.BookingAPIUsinFrameworkUsingPOJOBuilderNew4" name="createBooking" time="1.546"/>
  <testcase classname="tests.BookingAPIUsinFrameworkUsingPOJOBuilderNew3" name="updateBooking" time="1.209"/>
  <testcase classname="tests.BookingAPIUsinFrameworkUsingPOJOBuilderNew4" name="updateBooking" time="1.123"/>
  <testcase classname="tests.BookingAPIUsinFrameworkUsingPOJOBuilderNew3" name="deleteBooking" time="2.21"/>
  <testcase classname="tests.BookingAPIUsinFrameworkUsingPOJOBuilderNew4" name="deleteBooking" time="2.159"/>
</testsuite> <!-- Test -->
