<?xml version="1.0" encoding="UTF-8"?>
<testng-results ignored="0" total="1" passed="1" failed="0" skipped="0">
  <reporter-output>
  </reporter-output>
  <suite started-at="2024-09-07T18:59:50 IST" name="Default suite" finished-at="2024-09-07T18:59:54 IST" duration-ms="4344">
    <groups>
    </groups>
    <test started-at="2024-09-07T18:59:50 IST" name="Default test" finished-at="2024-09-07T18:59:54 IST" duration-ms="4344">
      <class name="tests.BookingAPIUsinFrameworkUsingPOJOBuilderNew">
        <test-method is-config="true" signature="setup()[pri:0, instance:tests.BookingAPIUsinFrameworkUsingPOJOBuilderNew@43df23d3]" started-at="2024-09-07T18:59:50 IST" name="setup" finished-at="2024-09-07T18:59:51 IST" duration-ms="855" status="PASS">
          <reporter-output>
          </reporter-output>
        </test-method> <!-- setup -->
        <test-method signature="createBooking()[pri:0, instance:tests.BookingAPIUsinFrameworkUsingPOJOBuilderNew@43df23d3]" started-at="2024-09-07T18:59:51 IST" name="createBooking" finished-at="2024-09-07T18:59:54 IST" duration-ms="3435" status="PASS">
          <reporter-output>
          </reporter-output>
        </test-method> <!-- createBooking -->
      </class> <!-- tests.BookingAPIUsinFrameworkUsingPOJOBuilderNew -->
    </test> <!-- Default test -->
  </suite> <!-- Default suite -->
</testng-results>
